INFO: [VRFC 10-163] Analyzing VHDL file "/media/viktor/Setup/Workstorage/RTL_Designs/Diff_max/Max_Diff/Max_Diff.sim/sim_1/synth/func/xsim/Max_Diff_tb_func_synth.vhd" into library xil_defaultlib
INFO: [VRFC 10-3107] analyzing entity 'Counter_Nbit'
INFO: [VRFC 10-3107] analyzing entity 'Max_Diff_Controller'
INFO: [VRFC 10-3107] analyzing entity 'Regn'
INFO: [VRFC 10-3107] analyzing entity 'Regn_0'
INFO: [VRFC 10-3107] analyzing entity 'Regn_1'
INFO: [VRFC 10-3107] analyzing entity 'Regn_2'
INFO: [VRFC 10-3107] analyzing entity 'Regn_3'
INFO: [VRFC 10-3107] analyzing entity 'Max_Diff_Datapath'
INFO: [VRFC 10-3107] analyzing entity 'Max_Diff'
INFO: [VRFC 10-163] Analyzing VHDL file "/media/viktor/Setup/Workstorage/RTL_Designs/Diff_max/Lib.vhd" into library xil_defaultlib
INFO: [VRFC 10-163] Analyzing VHDL file "/media/viktor/Setup/Workstorage/RTL_Designs/Diff_max/Max_Diff_tb.vhd" into library xil_defaultlib
INFO: [VRFC 10-3107] analyzing entity 'Max_Diff_tb'
INFO: [VRFC 10-163] Analyzing VHDL file "/media/viktor/Setup/Workstorage/RTL_Designs/Diff_max/Max_Diff/Max_Diff.sim/sim_1/synth/func/xsim/Max_Diff_tb_func_synth.vhd" into library xil_defaultlib
INFO: [VRFC 10-3107] analyzing entity 'Counter_Nbit'
INFO: [VRFC 10-3107] analyzing entity 'Max_Diff_Controller'
INFO: [VRFC 10-3107] analyzing entity 'Regn'
INFO: [VRFC 10-3107] analyzing entity 'Regn_0'
INFO: [VRFC 10-3107] analyzing entity 'Regn_1'
INFO: [VRFC 10-3107] analyzing entity 'Regn_2'
INFO: [VRFC 10-3107] analyzing entity 'Regn_3'
INFO: [VRFC 10-3107] analyzing entity 'Max_Diff_Datapath'
INFO: [VRFC 10-3107] analyzing entity 'Max_Diff'
INFO: [VRFC 10-163] Analyzing VHDL file "/media/viktor/Setup/Workstorage/RTL_Designs/Diff_max/Max_Diff_tb.vhd" into library xil_defaultlib
INFO: [VRFC 10-3107] analyzing entity 'Max_Diff_tb'
ERROR: [VRFC 10-2989] 'ns_readu' is not declared [/media/viktor/Setup/Workstorage/RTL_Designs/Diff_max/Max_Diff_tb.vhd:85]
ERROR: [VRFC 10-3782] unit 'tb' ignored due to previous errors [/media/viktor/Setup/Workstorage/RTL_Designs/Diff_max/Max_Diff_tb.vhd:9]
INFO: [VRFC 10-3070] VHDL file '/media/viktor/Setup/Workstorage/RTL_Designs/Diff_max/Max_Diff_tb.vhd' ignored due to errors
INFO: [VRFC 10-163] Analyzing VHDL file "/media/viktor/Setup/Workstorage/RTL_Designs/Diff_max/Max_Diff/Max_Diff.sim/sim_1/synth/func/xsim/Max_Diff_tb_func_synth.vhd" into library xil_defaultlib
INFO: [VRFC 10-3107] analyzing entity 'Counter_Nbit'
INFO: [VRFC 10-3107] analyzing entity 'Max_Diff_Controller'
INFO: [VRFC 10-3107] analyzing entity 'Regn'
INFO: [VRFC 10-3107] analyzing entity 'Regn_0'
INFO: [VRFC 10-3107] analyzing entity 'Regn_1'
INFO: [VRFC 10-3107] analyzing entity 'Regn_2'
INFO: [VRFC 10-3107] analyzing entity 'Regn_3'
INFO: [VRFC 10-3107] analyzing entity 'Max_Diff_Datapath'
INFO: [VRFC 10-3107] analyzing entity 'Max_Diff'
INFO: [VRFC 10-163] Analyzing VHDL file "/media/viktor/Setup/Workstorage/RTL_Designs/Diff_max/Max_Diff_tb.vhd" into library xil_defaultlib
INFO: [VRFC 10-3107] analyzing entity 'Max_Diff_tb'
