Vivado Simulator 2018.3
Copyright 1986-1999, 2001-2018 Xilinx, Inc. All Rights Reserved.
Running: /tools/Xilinx/Vivado/2018.3/bin/unwrapped/lnx64.o/xelab -wto dd972e1535734215935ca941f3274d2e --incr --debug typical --relax --mt 8 -L xil_defaultlib -L secureip --snapshot Max_Diff_tb_func_synth xil_defaultlib.Max_Diff_tb -log elaborate.log 
Using 8 slave threads.
Starting static elaboration
Completed static elaboration
Starting simulation data flow analysis
Completed simulation data flow analysis
Time Resolution for simulation is 1ps
Compiling package std.standard
Compiling package std.textio
Compiling package ieee.std_logic_1164
Compiling package ieee.numeric_std
Compiling package xil_defaultlib.lib
Compiling package unisim.vcomponents
Compiling package ieee.vital_timing
Compiling package ieee.vital_primitives
Compiling package unisim.vpkg
Compiling architecture ibuf_v of entity unisim.IBUF [\IBUF(1,9)(1,1)(1,4)(1,7)\]
Compiling architecture bufg_v of entity unisim.BUFG [bufg_default]
Compiling architecture obuf_v of entity unisim.OBUF [\OBUF(1,9)(1,7)(1,4)\]
Compiling architecture lut2_v of entity unisim.LUT2 [\LUT2(init="1110")(0,3)\]
Compiling architecture lut3_v of entity unisim.LUT3 [\LUT3(init="10111010")(0,7)\]
Compiling architecture lut3_v of entity unisim.LUT3 [\LUT3(init="11101010")(0,7)\]
Compiling architecture lut4_v of entity unisim.LUT4 [\LUT4(init="1000111110001000")(0...]
Compiling architecture lut2_v of entity unisim.LUT2 [\LUT2(init="1000")(0,3)\]
Compiling architecture lut4_v of entity unisim.LUT4 [\LUT4(init="0100111101000100")(0...]
Compiling architecture lut1_v of entity unisim.LUT1 [\LUT1(init="0001")(0,3)\]
Compiling architecture fdse_v of entity unisim.FDSE [fdse_default]
Compiling architecture fdre_v of entity unisim.FDRE [fdre_default]
Compiling architecture structure of entity xil_defaultlib.Max_Diff_Controller [max_diff_controller_default]
Compiling architecture fdce_v of entity unisim.FDCE [fdce_default]
Compiling architecture structure of entity xil_defaultlib.Regn [regn_default]
Compiling architecture carry4_v of entity unisim.CARRY4 [carry4_default]
Compiling architecture lut4_v of entity unisim.LUT4 [\LUT4(init="0010111100000010")(0...]
Compiling architecture lut4_v of entity unisim.LUT4 [\LUT4(init="1001000000001001")(0...]
Compiling architecture structure of entity xil_defaultlib.Regn_0 [regn_0_default]
Compiling architecture structure of entity xil_defaultlib.Regn_1 [regn_1_default]
Compiling architecture lut2_v of entity unisim.LUT2 [\LUT2(init="0110")(0,3)\]
Compiling architecture lut3_v of entity unisim.LUT3 [\LUT3(init="01111000")(0,7)\]
Compiling architecture lut4_v of entity unisim.LUT4 [\LUT4(init="0111111110000000")(0...]
Compiling architecture lut5_v of entity unisim.LUT5 [\LUT5(init="01111111111111111000...]
Compiling architecture lut6_v of entity unisim.LUT6 [\LUT6(init="01111111111111111111...]
Compiling architecture lut6_v of entity unisim.LUT6 [\LUT6(init="10000000000000000000...]
Compiling architecture structure of entity xil_defaultlib.Counter_Nbit [counter_nbit_default]
Compiling architecture fdpe_v of entity unisim.FDPE [fdpe_default]
Compiling architecture lut2_v of entity unisim.LUT2 [\LUT2(init="1001")(0,3)\]
Compiling architecture structure of entity xil_defaultlib.Regn_2 [regn_2_default]
Compiling architecture structure of entity xil_defaultlib.Regn_3 [regn_3_default]
Compiling architecture structure of entity xil_defaultlib.Max_Diff_Datapath [max_diff_datapath_default]
Compiling architecture structure of entity xil_defaultlib.Max_Diff [max_diff_default]
Compiling architecture tb of entity xil_defaultlib.max_diff_tb
Built simulation snapshot Max_Diff_tb_func_synth
