Vivado Simulator 2018.3
Copyright 1986-1999, 2001-2018 Xilinx, Inc. All Rights Reserved.
Running: /tools/Xilinx/Vivado/2018.3/bin/unwrapped/lnx64.o/xelab -wto dd972e1535734215935ca941f3274d2e --incr --debug typical --relax --mt 8 -L xil_defaultlib -L secureip --snapshot Max_Diff_tb_behav xil_defaultlib.Max_Diff_tb -log elaborate.log 
Using 8 slave threads.
Starting static elaboration
Completed static elaboration
Starting simulation data flow analysis
Completed simulation data flow analysis
Time Resolution for simulation is 1ps
Compiling package std.standard
Compiling package std.textio
Compiling package ieee.std_logic_1164
Compiling package ieee.numeric_std
Compiling package xil_defaultlib.lib
Compiling package ieee.std_logic_arith
Compiling package ieee.std_logic_unsigned
Compiling architecture behavioral of entity xil_defaultlib.Max_Diff_Controller [max_diff_controller_default]
Compiling architecture behavior of entity xil_defaultlib.Counter_Nbit [counter_nbit_default]
Compiling architecture behavior of entity xil_defaultlib.Regn [\Regn(n=8)\]
Compiling architecture rtl of entity xil_defaultlib.Max_Diff_Datapath [\Max_Diff_Datapath(data_width=8,...]
Compiling architecture behavior of entity xil_defaultlib.Max_Diff [max_diff_default]
Compiling architecture tb of entity xil_defaultlib.max_diff_tb
Built simulation snapshot Max_Diff_tb_behav
